+run
Starting program: /u/ntyp/COS-217-A4/1BDT/bdtBad1
bdtBad1: bdt_client.c:22: main: Assertion `BDT_insertPath("a/b/c") == INITIALIZ\
ATION_ERROR' failed. 

Program received signal SIGABRT, Aborted.
0x0000ffffbe5f50e8 in raise () from /lib64/libc.so.6
Missing separate debuginfos, use: debuginfo-install glibc-2.17-222.sd7.aarch64
+break BDT_insertPath
Breakpoint 1 at 0x402198: file bdtBad1.c, line 320.
+run
The program being debugged has been started already.
Start it from the beginning? (y or n) 
Starting program: /u/ntyp/COS-217-A4/1BDT/bdtBad1 

Breakpoint 1, BDT_insertPath (path=0x4035f0 "a/b/c") at bdtBad1.c:320
/u/cos217/Assignment4/bdtBad1.c:320:8155:beg:0x402198
+step
/u/cos217/Assignment4/bdtBad1.c:322:8181:beg:0x4021c4
+print isInitialized
$1 = FALSE
+kill
Kill the program being debugged? (y or n) +quit
